[debug] [2021-05-01T13:59:49.083Z] ----------------------------------------------------------------------
[debug] [2021-05-01T13:59:49.085Z] Command:       C:\Program Files\nodejs\node.exe C:\Users\Nandan\AppData\Roaming\npm\node_modules\firebase-tools\lib\bin\firebase.js deploy
[debug] [2021-05-01T13:59:49.085Z] CLI Version:   9.9.0
[debug] [2021-05-01T13:59:49.085Z] Platform:      win32
[debug] [2021-05-01T13:59:49.086Z] Node Version:  v14.15.0
[debug] [2021-05-01T13:59:49.087Z] Time:          Sat May 01 2021 19:29:49 GMT+0530 (India Standard Time)
[debug] [2021-05-01T13:59:49.087Z] ----------------------------------------------------------------------
[debug] 
[debug] [2021-05-01T13:59:49.094Z] > command requires scopes: ["email","openid","https://www.googleapis.com/auth/cloudplatformprojects.readonly","https://www.googleapis.com/auth/firebase","https://www.googleapis.com/auth/cloud-platform"]
[debug] [2021-05-01T13:59:49.094Z] > authorizing via signed-in user (nandankpandey@gmail.com)
[debug] [2021-05-01T13:59:49.094Z] [iam] checking project evernote-clone-f56e3 for permissions ["firebase.projects.get","firebasehosting.sites.update"]
[debug] [2021-05-01T13:59:49.097Z] > refreshing access token with scopes: ["email","https://www.googleapis.com/auth/cloud-platform","https://www.googleapis.com/auth/cloudplatformprojects.readonly","https://www.googleapis.com/auth/firebase","openid"]
[debug] [2021-05-01T13:59:49.097Z] >>> HTTP REQUEST POST https://www.googleapis.com/oauth2/v3/token  
 <request body omitted>
[debug] [2021-05-01T13:59:49.928Z] <<< HTTP RESPONSE 200 {"date":"Sat, 01 May 2021 13:59:49 GMT","cache-control":"no-cache, no-store, max-age=0, must-revalidate","expires":"Mon, 01 Jan 1990 00:00:00 GMT","pragma":"no-cache","content-type":"application/json; charset=utf-8","vary":"X-Origin, Referer, Origin,Accept-Encoding","server":"scaffolding on HTTPServer2","x-xss-protection":"0","x-frame-options":"SAMEORIGIN","x-content-type-options":"nosniff","alt-svc":"h3-29=\":443\"; ma=2592000,h3-T051=\":443\"; ma=2592000,h3-Q050=\":443\"; ma=2592000,h3-Q046=\":443\"; ma=2592000,h3-Q043=\":443\"; ma=2592000,quic=\":443\"; ma=2592000; v=\"46,43\"","accept-ranges":"none","transfer-encoding":"chunked"}
[debug] [2021-05-01T13:59:50.038Z] >>> HTTP REQUEST POST https://cloudresourcemanager.googleapis.com/v1/projects/evernote-clone-f56e3:testIamPermissions  
 {"permissions":["firebase.projects.get","firebasehosting.sites.update"]}
[debug] [2021-05-01T13:59:52.877Z] <<< HTTP RESPONSE 200 {"content-type":"application/json; charset=UTF-8","vary":"X-Origin, Referer, Origin,Accept-Encoding","date":"Sat, 01 May 2021 13:59:52 GMT","server":"ESF","cache-control":"private","x-xss-protection":"0","x-frame-options":"SAMEORIGIN","x-content-type-options":"nosniff","server-timing":"gfet4t7; dur=1363","alt-svc":"h3-29=\":443\"; ma=2592000,h3-T051=\":443\"; ma=2592000,h3-Q050=\":443\"; ma=2592000,h3-Q046=\":443\"; ma=2592000,h3-Q043=\":443\"; ma=2592000,quic=\":443\"; ma=2592000; v=\"46,43\"","accept-ranges":"none","transfer-encoding":"chunked"}
[debug] [2021-05-01T13:59:52.880Z] > refreshing access token with scopes: []
[debug] [2021-05-01T13:59:52.880Z] >>> HTTP REQUEST POST https://www.googleapis.com/oauth2/v3/token  
 <request body omitted>
[debug] [2021-05-01T13:59:53.417Z] <<< HTTP RESPONSE 200 {"expires":"Mon, 01 Jan 1990 00:00:00 GMT","date":"Sat, 01 May 2021 13:59:53 GMT","pragma":"no-cache","cache-control":"no-cache, no-store, max-age=0, must-revalidate","content-type":"application/json; charset=utf-8","vary":"X-Origin, Referer, Origin,Accept-Encoding","server":"scaffolding on HTTPServer2","x-xss-protection":"0","x-frame-options":"SAMEORIGIN","x-content-type-options":"nosniff","alt-svc":"h3-29=\":443\"; ma=2592000,h3-T051=\":443\"; ma=2592000,h3-Q050=\":443\"; ma=2592000,h3-Q046=\":443\"; ma=2592000,h3-Q043=\":443\"; ma=2592000,quic=\":443\"; ma=2592000; v=\"46,43\"","accept-ranges":"none","transfer-encoding":"chunked"}
[debug] [2021-05-01T13:59:53.797Z] >>> [apiv2][query] GET https://firebase.googleapis.com/v1beta1/projects/evernote-clone-f56e3 [none]
[debug] [2021-05-01T13:59:54.420Z] <<< [apiv2][status] GET https://firebase.googleapis.com/v1beta1/projects/evernote-clone-f56e3 200
[debug] [2021-05-01T13:59:54.420Z] <<< [apiv2][body] GET https://firebase.googleapis.com/v1beta1/projects/evernote-clone-f56e3 {"projectId":"evernote-clone-f56e3","projectNumber":"631801983069","displayName":"evernote-clone","name":"projects/evernote-clone-f56e3","resources":{"hostingSite":"evernote-clone-f56e3","storageBucket":"evernote-clone-f56e3.appspot.com","locationId":"us-central"},"state":"ACTIVE"}
[info] 
[info] === Deploying to 'evernote-clone-f56e3'...
[info] 
[info] i  deploying hosting 
[debug] [2021-05-01T13:59:54.424Z] > refreshing access token with scopes: ["email","https://www.googleapis.com/auth/cloud-platform","https://www.googleapis.com/auth/cloudplatformprojects.readonly","https://www.googleapis.com/auth/firebase","openid"]
[debug] [2021-05-01T13:59:54.424Z] >>> HTTP REQUEST POST https://www.googleapis.com/oauth2/v3/token  
 <request body omitted>
[debug] [2021-05-01T13:59:54.872Z] <<< HTTP RESPONSE 200 {"cache-control":"no-cache, no-store, max-age=0, must-revalidate","date":"Sat, 01 May 2021 13:59:54 GMT","pragma":"no-cache","expires":"Mon, 01 Jan 1990 00:00:00 GMT","content-type":"application/json; charset=utf-8","vary":"X-Origin, Referer, Origin,Accept-Encoding","server":"scaffolding on HTTPServer2","x-xss-protection":"0","x-frame-options":"SAMEORIGIN","x-content-type-options":"nosniff","alt-svc":"h3-29=\":443\"; ma=2592000,h3-T051=\":443\"; ma=2592000,h3-Q050=\":443\"; ma=2592000,h3-Q046=\":443\"; ma=2592000,h3-Q043=\":443\"; ma=2592000,quic=\":443\"; ma=2592000; v=\"46,43\"","accept-ranges":"none","transfer-encoding":"chunked"}
[debug] [2021-05-01T13:59:54.959Z] >>> HTTP REQUEST POST https://firebasehosting.googleapis.com/v1beta1/sites/evernote-clone-f56e3/versions  
 {"config":{},"labels":{"deployment-tool":"cli-firebase"}}
[debug] [2021-05-01T13:59:59.571Z] <<< HTTP RESPONSE 200 {"content-type":"application/json; charset=UTF-8","vary":"X-Origin, Referer, Origin,Accept-Encoding","date":"Sat, 01 May 2021 13:59:59 GMT","server":"ESF","cache-control":"private","x-xss-protection":"0","x-frame-options":"SAMEORIGIN","x-content-type-options":"nosniff","alt-svc":"h3-29=\":443\"; ma=2592000,h3-T051=\":443\"; ma=2592000,h3-Q050=\":443\"; ma=2592000,h3-Q046=\":443\"; ma=2592000,h3-Q043=\":443\"; ma=2592000,quic=\":443\"; ma=2592000; v=\"46,43\"","accept-ranges":"none","transfer-encoding":"chunked"}
[info] i  hosting[evernote-clone-f56e3]: beginning deploy... 
[info] i  hosting[evernote-clone-f56e3]: found 16 files in build 
[debug] [2021-05-01T13:59:59.610Z] [hosting] hash cache [YnVpbGQ] not populated
[debug] [2021-05-01T14:00:00.419Z] > refreshing access token with scopes: []
[debug] [2021-05-01T14:00:00.419Z] >>> HTTP REQUEST POST https://www.googleapis.com/oauth2/v3/token  
 <request body omitted>
[debug] [2021-05-01T14:00:00.422Z] [hosting] hash cache [YnVpbGQ] stored for 16 files
[debug] [2021-05-01T14:00:00.422Z] [hosting][hash queue][FINAL] {"max":801,"min":9,"avg":85.375,"active":0,"complete":16,"success":16,"errored":0,"retried":0,"total":16,"elapsed":811}
[debug] [2021-05-01T14:00:00.837Z] <<< HTTP RESPONSE 200 {"cache-control":"no-cache, no-store, max-age=0, must-revalidate","expires":"Mon, 01 Jan 1990 00:00:00 GMT","pragma":"no-cache","date":"Sat, 01 May 2021 14:00:00 GMT","content-type":"application/json; charset=utf-8","vary":"X-Origin, Referer, Origin,Accept-Encoding","server":"scaffolding on HTTPServer2","x-xss-protection":"0","x-frame-options":"SAMEORIGIN","x-content-type-options":"nosniff","alt-svc":"h3-29=\":443\"; ma=2592000,h3-T051=\":443\"; ma=2592000,h3-Q050=\":443\"; ma=2592000,h3-Q046=\":443\"; ma=2592000,h3-Q043=\":443\"; ma=2592000,quic=\":443\"; ma=2592000; v=\"46,43\"","accept-ranges":"none","transfer-encoding":"chunked"}
[debug] [2021-05-01T14:00:01.496Z] >>> [apiv2][query] POST https://firebasehosting.googleapis.com/v1beta1/sites/evernote-clone-f56e3/versions/94f0b4d8986f0574:populateFiles [none]
[debug] [2021-05-01T14:00:01.496Z] >>> [apiv2][body] POST https://firebasehosting.googleapis.com/v1beta1/sites/evernote-clone-f56e3/versions/94f0b4d8986f0574:populateFiles {"files":{"/asset-manifest.json":"acaae25ddb88559b70429626b634b62b8be8e08744d939a36c9d3cf7a49f5643","/manifest.json":"23115102e4c128d0529e4de7bb495a0a3c596054f3663753c97800826378aa7f","/index.html":"08509da03f976083937a4f81a95c6521adbc915507556cb1d81878ee6c0428af","/precache-manifest.70a1a09ab87ab316a00ca9d7687291a8.js":"63807cc62d313f4c11fa3a6f41648eafe541e9b014578fd728b6dbbabe7aff98","/service-worker.js":"16bb57e528751cd2c94cf24533e09a441d3ddcf03f1465d2a0fc509cc97131c8","/static/css/main.59800445.chunk.css":"29fb29cbb7db3b702468d702227ac7e53bf2bfe05c7ac0e6056c8b1a1241df0b","/static/css/main.59800445.chunk.css.map":"6a4c9c2d0b8c31a260399f5398015bed743888b5f488d9daa1899f300f3fcd0e","/static/js/main.f0c6bfbc.chunk.js":"5dec14f3c10501776ed67083073f871fe4441213f6daa43a07224d86c874c8c1","/static/js/runtime~main.a8a9905a.js":"27518aed75eb917ee7575e8c911b596e850b5265b9e5694a7681cba901419f4d","/static/js/runtime~main.a8a9905a.js.map":"d13b46ae2acf0d2863e1c6449a51f64702fa5b464c475c0ec20d6e8de9970ef9","/static/js/main.f0c6bfbc.chunk.js.map":"489a10c402f8285fc7bdb2996463806ed2eb08e50b4921792ace55bf6efc13f1","/static/media/homeBG.3ea0a703.jpg":"24e8d7468f13bce56c2f60f76c5d1e86b04224eee3f1ad7e63505aa8cec17e87","/static/js/2.beb7110c.chunk.js":"74d6347fbfce0812a5cac6101adeda71ab335a27b9c37f0a22a5b8e8a21672a7","/static/media/whiteSignUp.d65ea7f1.jpg":"46a297c4655969f8e0de89e667899e0c6a506a58bc88de18d68ee101aeb6d978","/404.html":"daa499dd96d8229e73235345702ba32f0793f0c8e5c0d30e40e37a5872be57aa","/static/js/2.beb7110c.chunk.js.map":"f3eb6a055355d53290b41fd17dab547e98060ac18fbc3e254c4f52776ce12502"}}
[debug] [2021-05-01T14:00:03.487Z] <<< [apiv2][status] POST https://firebasehosting.googleapis.com/v1beta1/sites/evernote-clone-f56e3/versions/94f0b4d8986f0574:populateFiles 200
[debug] [2021-05-01T14:00:03.490Z] <<< [apiv2][body] POST https://firebasehosting.googleapis.com/v1beta1/sites/evernote-clone-f56e3/versions/94f0b4d8986f0574:populateFiles {"uploadRequiredHashes":["08509da03f976083937a4f81a95c6521adbc915507556cb1d81878ee6c0428af","6a4c9c2d0b8c31a260399f5398015bed743888b5f488d9daa1899f300f3fcd0e","16bb57e528751cd2c94cf24533e09a441d3ddcf03f1465d2a0fc509cc97131c8","acaae25ddb88559b70429626b634b62b8be8e08744d939a36c9d3cf7a49f5643","f3eb6a055355d53290b41fd17dab547e98060ac18fbc3e254c4f52776ce12502","29fb29cbb7db3b702468d702227ac7e53bf2bfe05c7ac0e6056c8b1a1241df0b","24e8d7468f13bce56c2f60f76c5d1e86b04224eee3f1ad7e63505aa8cec17e87","489a10c402f8285fc7bdb2996463806ed2eb08e50b4921792ace55bf6efc13f1","27518aed75eb917ee7575e8c911b596e850b5265b9e5694a7681cba901419f4d","d13b46ae2acf0d2863e1c6449a51f64702fa5b464c475c0ec20d6e8de9970ef9","63807cc62d313f4c11fa3a6f41648eafe541e9b014578fd728b6dbbabe7aff98","5dec14f3c10501776ed67083073f871fe4441213f6daa43a07224d86c874c8c1","23115102e4c128d0529e4de7bb495a0a3c596054f3663753c97800826378aa7f","74d6347fbfce0812a5cac6101adeda71ab335a27b9c37f0a22a5b8e8a21672a7","46a297c4655969f8e0de89e667899e0c6a506a58bc88de18d68ee101aeb6d978","daa499dd96d8229e73235345702ba32f0793f0c8e5c0d30e40e37a5872be57aa"],"uploadUrl":"https://upload-firebasehosting.googleapis.com/upload/sites/evernote-clone-f56e3/versions/94f0b4d8986f0574/files"}
[debug] [2021-05-01T14:00:03.507Z] >>> [apiv2][query] POST https://upload-firebasehosting.googleapis.com/upload/sites/evernote-clone-f56e3/versions/94f0b4d8986f0574/files/08509da03f976083937a4f81a95c6521adbc915507556cb1d81878ee6c0428af [none]
[debug] [2021-05-01T14:00:03.508Z] >>> [apiv2][body] POST https://upload-firebasehosting.googleapis.com/upload/sites/evernote-clone-f56e3/versions/94f0b4d8986f0574/files/08509da03f976083937a4f81a95c6521adbc915507556cb1d81878ee6c0428af [stream]
[debug] [2021-05-01T14:00:03.511Z] >>> [apiv2][query] POST https://upload-firebasehosting.googleapis.com/upload/sites/evernote-clone-f56e3/versions/94f0b4d8986f0574/files/6a4c9c2d0b8c31a260399f5398015bed743888b5f488d9daa1899f300f3fcd0e [none]
[debug] [2021-05-01T14:00:03.511Z] >>> [apiv2][body] POST https://upload-firebasehosting.googleapis.com/upload/sites/evernote-clone-f56e3/versions/94f0b4d8986f0574/files/6a4c9c2d0b8c31a260399f5398015bed743888b5f488d9daa1899f300f3fcd0e [stream]
[debug] [2021-05-01T14:00:03.513Z] >>> [apiv2][query] POST https://upload-firebasehosting.googleapis.com/upload/sites/evernote-clone-f56e3/versions/94f0b4d8986f0574/files/16bb57e528751cd2c94cf24533e09a441d3ddcf03f1465d2a0fc509cc97131c8 [none]
[debug] [2021-05-01T14:00:03.513Z] >>> [apiv2][body] POST https://upload-firebasehosting.googleapis.com/upload/sites/evernote-clone-f56e3/versions/94f0b4d8986f0574/files/16bb57e528751cd2c94cf24533e09a441d3ddcf03f1465d2a0fc509cc97131c8 [stream]
[debug] [2021-05-01T14:00:03.515Z] >>> [apiv2][query] POST https://upload-firebasehosting.googleapis.com/upload/sites/evernote-clone-f56e3/versions/94f0b4d8986f0574/files/acaae25ddb88559b70429626b634b62b8be8e08744d939a36c9d3cf7a49f5643 [none]
[debug] [2021-05-01T14:00:03.516Z] >>> [apiv2][body] POST https://upload-firebasehosting.googleapis.com/upload/sites/evernote-clone-f56e3/versions/94f0b4d8986f0574/files/acaae25ddb88559b70429626b634b62b8be8e08744d939a36c9d3cf7a49f5643 [stream]
[debug] [2021-05-01T14:00:03.523Z] >>> [apiv2][query] POST https://upload-firebasehosting.googleapis.com/upload/sites/evernote-clone-f56e3/versions/94f0b4d8986f0574/files/f3eb6a055355d53290b41fd17dab547e98060ac18fbc3e254c4f52776ce12502 [none]
[debug] [2021-05-01T14:00:03.524Z] >>> [apiv2][body] POST https://upload-firebasehosting.googleapis.com/upload/sites/evernote-clone-f56e3/versions/94f0b4d8986f0574/files/f3eb6a055355d53290b41fd17dab547e98060ac18fbc3e254c4f52776ce12502 [stream]
[debug] [2021-05-01T14:00:03.525Z] >>> [apiv2][query] POST https://upload-firebasehosting.googleapis.com/upload/sites/evernote-clone-f56e3/versions/94f0b4d8986f0574/files/29fb29cbb7db3b702468d702227ac7e53bf2bfe05c7ac0e6056c8b1a1241df0b [none]
[debug] [2021-05-01T14:00:03.525Z] >>> [apiv2][body] POST https://upload-firebasehosting.googleapis.com/upload/sites/evernote-clone-f56e3/versions/94f0b4d8986f0574/files/29fb29cbb7db3b702468d702227ac7e53bf2bfe05c7ac0e6056c8b1a1241df0b [stream]
[debug] [2021-05-01T14:00:03.527Z] >>> [apiv2][query] POST https://upload-firebasehosting.googleapis.com/upload/sites/evernote-clone-f56e3/versions/94f0b4d8986f0574/files/24e8d7468f13bce56c2f60f76c5d1e86b04224eee3f1ad7e63505aa8cec17e87 [none]
[debug] [2021-05-01T14:00:03.527Z] >>> [apiv2][body] POST https://upload-firebasehosting.googleapis.com/upload/sites/evernote-clone-f56e3/versions/94f0b4d8986f0574/files/24e8d7468f13bce56c2f60f76c5d1e86b04224eee3f1ad7e63505aa8cec17e87 [stream]
[debug] [2021-05-01T14:00:03.528Z] >>> [apiv2][query] POST https://upload-firebasehosting.googleapis.com/upload/sites/evernote-clone-f56e3/versions/94f0b4d8986f0574/files/489a10c402f8285fc7bdb2996463806ed2eb08e50b4921792ace55bf6efc13f1 [none]
[debug] [2021-05-01T14:00:03.529Z] >>> [apiv2][body] POST https://upload-firebasehosting.googleapis.com/upload/sites/evernote-clone-f56e3/versions/94f0b4d8986f0574/files/489a10c402f8285fc7bdb2996463806ed2eb08e50b4921792ace55bf6efc13f1 [stream]
[debug] [2021-05-01T14:00:03.530Z] >>> [apiv2][query] POST https://upload-firebasehosting.googleapis.com/upload/sites/evernote-clone-f56e3/versions/94f0b4d8986f0574/files/27518aed75eb917ee7575e8c911b596e850b5265b9e5694a7681cba901419f4d [none]
[debug] [2021-05-01T14:00:03.530Z] >>> [apiv2][body] POST https://upload-firebasehosting.googleapis.com/upload/sites/evernote-clone-f56e3/versions/94f0b4d8986f0574/files/27518aed75eb917ee7575e8c911b596e850b5265b9e5694a7681cba901419f4d [stream]
[debug] [2021-05-01T14:00:03.532Z] >>> [apiv2][query] POST https://upload-firebasehosting.googleapis.com/upload/sites/evernote-clone-f56e3/versions/94f0b4d8986f0574/files/d13b46ae2acf0d2863e1c6449a51f64702fa5b464c475c0ec20d6e8de9970ef9 [none]
[debug] [2021-05-01T14:00:03.533Z] >>> [apiv2][body] POST https://upload-firebasehosting.googleapis.com/upload/sites/evernote-clone-f56e3/versions/94f0b4d8986f0574/files/d13b46ae2acf0d2863e1c6449a51f64702fa5b464c475c0ec20d6e8de9970ef9 [stream]
[debug] [2021-05-01T14:00:03.534Z] >>> [apiv2][query] POST https://upload-firebasehosting.googleapis.com/upload/sites/evernote-clone-f56e3/versions/94f0b4d8986f0574/files/63807cc62d313f4c11fa3a6f41648eafe541e9b014578fd728b6dbbabe7aff98 [none]
[debug] [2021-05-01T14:00:03.534Z] >>> [apiv2][body] POST https://upload-firebasehosting.googleapis.com/upload/sites/evernote-clone-f56e3/versions/94f0b4d8986f0574/files/63807cc62d313f4c11fa3a6f41648eafe541e9b014578fd728b6dbbabe7aff98 [stream]
[debug] [2021-05-01T14:00:03.536Z] >>> [apiv2][query] POST https://upload-firebasehosting.googleapis.com/upload/sites/evernote-clone-f56e3/versions/94f0b4d8986f0574/files/5dec14f3c10501776ed67083073f871fe4441213f6daa43a07224d86c874c8c1 [none]
[debug] [2021-05-01T14:00:03.536Z] >>> [apiv2][body] POST https://upload-firebasehosting.googleapis.com/upload/sites/evernote-clone-f56e3/versions/94f0b4d8986f0574/files/5dec14f3c10501776ed67083073f871fe4441213f6daa43a07224d86c874c8c1 [stream]
[debug] [2021-05-01T14:00:03.539Z] >>> [apiv2][query] POST https://upload-firebasehosting.googleapis.com/upload/sites/evernote-clone-f56e3/versions/94f0b4d8986f0574/files/23115102e4c128d0529e4de7bb495a0a3c596054f3663753c97800826378aa7f [none]
[debug] [2021-05-01T14:00:03.539Z] >>> [apiv2][body] POST https://upload-firebasehosting.googleapis.com/upload/sites/evernote-clone-f56e3/versions/94f0b4d8986f0574/files/23115102e4c128d0529e4de7bb495a0a3c596054f3663753c97800826378aa7f [stream]
[debug] [2021-05-01T14:00:03.541Z] >>> [apiv2][query] POST https://upload-firebasehosting.googleapis.com/upload/sites/evernote-clone-f56e3/versions/94f0b4d8986f0574/files/74d6347fbfce0812a5cac6101adeda71ab335a27b9c37f0a22a5b8e8a21672a7 [none]
[debug] [2021-05-01T14:00:03.541Z] >>> [apiv2][body] POST https://upload-firebasehosting.googleapis.com/upload/sites/evernote-clone-f56e3/versions/94f0b4d8986f0574/files/74d6347fbfce0812a5cac6101adeda71ab335a27b9c37f0a22a5b8e8a21672a7 [stream]
[debug] [2021-05-01T14:00:03.544Z] >>> [apiv2][query] POST https://upload-firebasehosting.googleapis.com/upload/sites/evernote-clone-f56e3/versions/94f0b4d8986f0574/files/46a297c4655969f8e0de89e667899e0c6a506a58bc88de18d68ee101aeb6d978 [none]
[debug] [2021-05-01T14:00:03.544Z] >>> [apiv2][body] POST https://upload-firebasehosting.googleapis.com/upload/sites/evernote-clone-f56e3/versions/94f0b4d8986f0574/files/46a297c4655969f8e0de89e667899e0c6a506a58bc88de18d68ee101aeb6d978 [stream]
[debug] [2021-05-01T14:00:03.545Z] >>> [apiv2][query] POST https://upload-firebasehosting.googleapis.com/upload/sites/evernote-clone-f56e3/versions/94f0b4d8986f0574/files/daa499dd96d8229e73235345702ba32f0793f0c8e5c0d30e40e37a5872be57aa [none]
[debug] [2021-05-01T14:00:03.545Z] >>> [apiv2][body] POST https://upload-firebasehosting.googleapis.com/upload/sites/evernote-clone-f56e3/versions/94f0b4d8986f0574/files/daa499dd96d8229e73235345702ba32f0793f0c8e5c0d30e40e37a5872be57aa [stream]
[debug] [2021-05-01T14:00:03.546Z] [hosting][populate queue][FINAL] {"max":3088,"min":3088,"avg":3088,"active":0,"complete":1,"success":1,"errored":0,"retried":0,"total":1,"elapsed":3127}
[debug] [2021-05-01T14:00:03.547Z] [hosting] uploads queued: 16
[debug] [2021-05-01T14:00:07.531Z] <<< [apiv2][status] POST https://upload-firebasehosting.googleapis.com/upload/sites/evernote-clone-f56e3/versions/94f0b4d8986f0574/files/29fb29cbb7db3b702468d702227ac7e53bf2bfe05c7ac0e6056c8b1a1241df0b 200
[debug] [2021-05-01T14:00:07.532Z] <<< [apiv2][body] POST https://upload-firebasehosting.googleapis.com/upload/sites/evernote-clone-f56e3/versions/94f0b4d8986f0574/files/29fb29cbb7db3b702468d702227ac7e53bf2bfe05c7ac0e6056c8b1a1241df0b [stream]
[debug] [2021-05-01T14:00:07.554Z] <<< [apiv2][status] POST https://upload-firebasehosting.googleapis.com/upload/sites/evernote-clone-f56e3/versions/94f0b4d8986f0574/files/6a4c9c2d0b8c31a260399f5398015bed743888b5f488d9daa1899f300f3fcd0e 200
[debug] [2021-05-01T14:00:07.555Z] <<< [apiv2][body] POST https://upload-firebasehosting.googleapis.com/upload/sites/evernote-clone-f56e3/versions/94f0b4d8986f0574/files/6a4c9c2d0b8c31a260399f5398015bed743888b5f488d9daa1899f300f3fcd0e [stream]
[debug] [2021-05-01T14:00:07.640Z] <<< [apiv2][status] POST https://upload-firebasehosting.googleapis.com/upload/sites/evernote-clone-f56e3/versions/94f0b4d8986f0574/files/16bb57e528751cd2c94cf24533e09a441d3ddcf03f1465d2a0fc509cc97131c8 200
[debug] [2021-05-01T14:00:07.640Z] <<< [apiv2][body] POST https://upload-firebasehosting.googleapis.com/upload/sites/evernote-clone-f56e3/versions/94f0b4d8986f0574/files/16bb57e528751cd2c94cf24533e09a441d3ddcf03f1465d2a0fc509cc97131c8 [stream]
[debug] [2021-05-01T14:00:07.815Z] <<< [apiv2][status] POST https://upload-firebasehosting.googleapis.com/upload/sites/evernote-clone-f56e3/versions/94f0b4d8986f0574/files/d13b46ae2acf0d2863e1c6449a51f64702fa5b464c475c0ec20d6e8de9970ef9 200
[debug] [2021-05-01T14:00:07.816Z] <<< [apiv2][body] POST https://upload-firebasehosting.googleapis.com/upload/sites/evernote-clone-f56e3/versions/94f0b4d8986f0574/files/d13b46ae2acf0d2863e1c6449a51f64702fa5b464c475c0ec20d6e8de9970ef9 [stream]
[debug] [2021-05-01T14:00:08.710Z] <<< [apiv2][status] POST https://upload-firebasehosting.googleapis.com/upload/sites/evernote-clone-f56e3/versions/94f0b4d8986f0574/files/5dec14f3c10501776ed67083073f871fe4441213f6daa43a07224d86c874c8c1 200
[debug] [2021-05-01T14:00:08.710Z] <<< [apiv2][body] POST https://upload-firebasehosting.googleapis.com/upload/sites/evernote-clone-f56e3/versions/94f0b4d8986f0574/files/5dec14f3c10501776ed67083073f871fe4441213f6daa43a07224d86c874c8c1 [stream]
[debug] [2021-05-01T14:00:08.910Z] <<< [apiv2][status] POST https://upload-firebasehosting.googleapis.com/upload/sites/evernote-clone-f56e3/versions/94f0b4d8986f0574/files/27518aed75eb917ee7575e8c911b596e850b5265b9e5694a7681cba901419f4d 200
[debug] [2021-05-01T14:00:08.910Z] <<< [apiv2][body] POST https://upload-firebasehosting.googleapis.com/upload/sites/evernote-clone-f56e3/versions/94f0b4d8986f0574/files/27518aed75eb917ee7575e8c911b596e850b5265b9e5694a7681cba901419f4d [stream]
[debug] [2021-05-01T14:00:08.964Z] <<< [apiv2][status] POST https://upload-firebasehosting.googleapis.com/upload/sites/evernote-clone-f56e3/versions/94f0b4d8986f0574/files/08509da03f976083937a4f81a95c6521adbc915507556cb1d81878ee6c0428af 200
[debug] [2021-05-01T14:00:08.965Z] <<< [apiv2][body] POST https://upload-firebasehosting.googleapis.com/upload/sites/evernote-clone-f56e3/versions/94f0b4d8986f0574/files/08509da03f976083937a4f81a95c6521adbc915507556cb1d81878ee6c0428af [stream]
[debug] [2021-05-01T14:00:09.072Z] <<< [apiv2][status] POST https://upload-firebasehosting.googleapis.com/upload/sites/evernote-clone-f56e3/versions/94f0b4d8986f0574/files/acaae25ddb88559b70429626b634b62b8be8e08744d939a36c9d3cf7a49f5643 200
[debug] [2021-05-01T14:00:09.073Z] <<< [apiv2][body] POST https://upload-firebasehosting.googleapis.com/upload/sites/evernote-clone-f56e3/versions/94f0b4d8986f0574/files/acaae25ddb88559b70429626b634b62b8be8e08744d939a36c9d3cf7a49f5643 [stream]
[debug] [2021-05-01T14:00:09.114Z] <<< [apiv2][status] POST https://upload-firebasehosting.googleapis.com/upload/sites/evernote-clone-f56e3/versions/94f0b4d8986f0574/files/489a10c402f8285fc7bdb2996463806ed2eb08e50b4921792ace55bf6efc13f1 200
[debug] [2021-05-01T14:00:09.115Z] <<< [apiv2][body] POST https://upload-firebasehosting.googleapis.com/upload/sites/evernote-clone-f56e3/versions/94f0b4d8986f0574/files/489a10c402f8285fc7bdb2996463806ed2eb08e50b4921792ace55bf6efc13f1 [stream]
[debug] [2021-05-01T14:00:09.175Z] <<< [apiv2][status] POST https://upload-firebasehosting.googleapis.com/upload/sites/evernote-clone-f56e3/versions/94f0b4d8986f0574/files/23115102e4c128d0529e4de7bb495a0a3c596054f3663753c97800826378aa7f 200
[debug] [2021-05-01T14:00:09.176Z] <<< [apiv2][body] POST https://upload-firebasehosting.googleapis.com/upload/sites/evernote-clone-f56e3/versions/94f0b4d8986f0574/files/23115102e4c128d0529e4de7bb495a0a3c596054f3663753c97800826378aa7f [stream]
[debug] [2021-05-01T14:00:09.209Z] <<< [apiv2][status] POST https://upload-firebasehosting.googleapis.com/upload/sites/evernote-clone-f56e3/versions/94f0b4d8986f0574/files/63807cc62d313f4c11fa3a6f41648eafe541e9b014578fd728b6dbbabe7aff98 200
[debug] [2021-05-01T14:00:09.209Z] <<< [apiv2][body] POST https://upload-firebasehosting.googleapis.com/upload/sites/evernote-clone-f56e3/versions/94f0b4d8986f0574/files/63807cc62d313f4c11fa3a6f41648eafe541e9b014578fd728b6dbbabe7aff98 [stream]
[debug] [2021-05-01T14:00:09.270Z] <<< [apiv2][status] POST https://upload-firebasehosting.googleapis.com/upload/sites/evernote-clone-f56e3/versions/94f0b4d8986f0574/files/daa499dd96d8229e73235345702ba32f0793f0c8e5c0d30e40e37a5872be57aa 200
[debug] [2021-05-01T14:00:09.271Z] <<< [apiv2][body] POST https://upload-firebasehosting.googleapis.com/upload/sites/evernote-clone-f56e3/versions/94f0b4d8986f0574/files/daa499dd96d8229e73235345702ba32f0793f0c8e5c0d30e40e37a5872be57aa [stream]
[debug] [2021-05-01T14:00:23.675Z] <<< [apiv2][status] POST https://upload-firebasehosting.googleapis.com/upload/sites/evernote-clone-f56e3/versions/94f0b4d8986f0574/files/74d6347fbfce0812a5cac6101adeda71ab335a27b9c37f0a22a5b8e8a21672a7 200
[debug] [2021-05-01T14:00:23.675Z] <<< [apiv2][body] POST https://upload-firebasehosting.googleapis.com/upload/sites/evernote-clone-f56e3/versions/94f0b4d8986f0574/files/74d6347fbfce0812a5cac6101adeda71ab335a27b9c37f0a22a5b8e8a21672a7 [stream]
[debug] [2021-05-01T14:00:33.915Z] [uploadQueue] Retrying task 24e8d7468f13bce56c2f60f76c5d1e86b04224eee3f1ad7e63505aa8cec17e87
[debug] [2021-05-01T14:00:33.916Z] >>> [apiv2][query] POST https://upload-firebasehosting.googleapis.com/upload/sites/evernote-clone-f56e3/versions/94f0b4d8986f0574/files/24e8d7468f13bce56c2f60f76c5d1e86b04224eee3f1ad7e63505aa8cec17e87 [none]
[debug] [2021-05-01T14:00:33.916Z] >>> [apiv2][body] POST https://upload-firebasehosting.googleapis.com/upload/sites/evernote-clone-f56e3/versions/94f0b4d8986f0574/files/24e8d7468f13bce56c2f60f76c5d1e86b04224eee3f1ad7e63505aa8cec17e87 [stream]
[debug] [2021-05-01T14:00:34.748Z] [uploadQueue] Retrying task 46a297c4655969f8e0de89e667899e0c6a506a58bc88de18d68ee101aeb6d978
[debug] [2021-05-01T14:00:34.749Z] >>> [apiv2][query] POST https://upload-firebasehosting.googleapis.com/upload/sites/evernote-clone-f56e3/versions/94f0b4d8986f0574/files/46a297c4655969f8e0de89e667899e0c6a506a58bc88de18d68ee101aeb6d978 [none]
[debug] [2021-05-01T14:00:34.749Z] >>> [apiv2][body] POST https://upload-firebasehosting.googleapis.com/upload/sites/evernote-clone-f56e3/versions/94f0b4d8986f0574/files/46a297c4655969f8e0de89e667899e0c6a506a58bc88de18d68ee101aeb6d978 [stream]
[debug] [2021-05-01T14:01:04.737Z] [uploadQueue] Retrying task 24e8d7468f13bce56c2f60f76c5d1e86b04224eee3f1ad7e63505aa8cec17e87
[debug] [2021-05-01T14:01:04.739Z] >>> [apiv2][query] POST https://upload-firebasehosting.googleapis.com/upload/sites/evernote-clone-f56e3/versions/94f0b4d8986f0574/files/24e8d7468f13bce56c2f60f76c5d1e86b04224eee3f1ad7e63505aa8cec17e87 [none]
[debug] [2021-05-01T14:01:04.739Z] >>> [apiv2][body] POST https://upload-firebasehosting.googleapis.com/upload/sites/evernote-clone-f56e3/versions/94f0b4d8986f0574/files/24e8d7468f13bce56c2f60f76c5d1e86b04224eee3f1ad7e63505aa8cec17e87 [stream]
[debug] [2021-05-01T14:01:06.374Z] [uploadQueue] Retrying task 46a297c4655969f8e0de89e667899e0c6a506a58bc88de18d68ee101aeb6d978
[debug] [2021-05-01T14:01:06.376Z] >>> [apiv2][query] POST https://upload-firebasehosting.googleapis.com/upload/sites/evernote-clone-f56e3/versions/94f0b4d8986f0574/files/46a297c4655969f8e0de89e667899e0c6a506a58bc88de18d68ee101aeb6d978 [none]
[debug] [2021-05-01T14:01:06.376Z] >>> [apiv2][body] POST https://upload-firebasehosting.googleapis.com/upload/sites/evernote-clone-f56e3/versions/94f0b4d8986f0574/files/46a297c4655969f8e0de89e667899e0c6a506a58bc88de18d68ee101aeb6d978 [stream]
